Training started at: 2025-05-07 22:53:06
Processed /home/epele/.cache/kagglehub/datasets/isaienkov/deforestation-in-ukraine/versions/1/S2A_MSIL1C_20160212T084052_N0201_R064_T36UYA_20160212T084510/S2A_MSIL1C_20160212T084052_N0201_R064_T36UYA_20160212T084510.SAFE/GRANULE/L1C_T36UYA_A003350_20160212T084510/IMG_DATA/T36UYA_20160212T084052_B01.jp2 at 2025-05-07 22:53:31
Image shape: 1830x1830, Windows: 9, Train steps: 2, Val steps: 1
Train accuracy: 0.0028591156005859375, Val accuracy: 0.008056640625
Processed /home/epele/.cache/kagglehub/datasets/isaienkov/deforestation-in-ukraine/versions/1/S2A_MSIL1C_20160212T084052_N0201_R064_T36UYA_20160212T084510/S2A_MSIL1C_20160212T084052_N0201_R064_T36UYA_20160212T084510.SAFE/GRANULE/L1C_T36UYA_A003350_20160212T084510/IMG_DATA/T36UYA_20160212T084052_B02.jp2 at 2025-05-07 22:53:53
Image shape: 10980x10980, Windows: 441, Train steps: 88, Val steps: 23
Train accuracy: 0.0, Val accuracy: 0.0
Processed /home/epele/.cache/kagglehub/datasets/isaienkov/deforestation-in-ukraine/versions/1/S2A_MSIL1C_20160212T084052_N0201_R064_T36UYA_20160212T084510/S2A_MSIL1C_20160212T084052_N0201_R064_T36UYA_20160212T084510.SAFE/GRANULE/L1C_T36UYA_A003350_20160212T084510/IMG_DATA/T36UYA_20160212T084052_B03.jp2 at 2025-05-07 22:54:12
Image shape: 10980x10980, Windows: 441, Train steps: 88, Val steps: 23
Train accuracy: 0.0, Val accuracy: 0.0
Training started at: 2025-05-07 22:55:20
Processed /home/epele/.cache/kagglehub/datasets/isaienkov/deforestation-in-ukraine/versions/1/S2A_MSIL1C_20160212T084052_N0201_R064_T36UYA_20160212T084510/S2A_MSIL1C_20160212T084052_N0201_R064_T36UYA_20160212T084510.SAFE/GRANULE/L1C_T36UYA_A003350_20160212T084510/IMG_DATA/T36UYA_20160212T084052_B04.jp2 at 2025-05-07 22:55:55
Image shape: 10980x10980, Windows: 441, Train steps: 88, Val steps: 23
Train accuracy: 0.9981563091278076, Val accuracy: 0.9957185983657837
Processed /home/epele/.cache/kagglehub/datasets/isaienkov/deforestation-in-ukraine/versions/1/S2A_MSIL1C_20160212T084052_N0201_R064_T36UYA_20160212T084510/S2A_MSIL1C_20160212T084052_N0201_R064_T36UYA_20160212T084510.SAFE/GRANULE/L1C_T36UYA_A003350_20160212T084510/IMG_DATA/T36UYA_20160212T084052_B05.jp2 at 2025-05-07 22:56:04
Image shape: 5490x5490, Windows: 100, Train steps: 20, Val steps: 5
Train accuracy: 0.9964801669120789, Val accuracy: 0.9938818216323853
Processed /home/epele/.cache/kagglehub/datasets/isaienkov/deforestation-in-ukraine/versions/1/S2A_MSIL1C_20160212T084052_N0201_R064_T36UYA_20160212T084510/S2A_MSIL1C_20160212T084052_N0201_R064_T36UYA_20160212T084510.SAFE/GRANULE/L1C_T36UYA_A003350_20160212T084510/IMG_DATA/T36UYA_20160212T084052_B06.jp2 at 2025-05-07 22:56:12
Image shape: 5490x5490, Windows: 100, Train steps: 20, Val steps: 5
Train accuracy: 0.9972049593925476, Val accuracy: 0.9939834475517273
Processed /home/epele/.cache/kagglehub/datasets/isaienkov/deforestation-in-ukraine/versions/1/S2A_MSIL1C_20160212T084052_N0201_R064_T36UYA_20160212T084510/S2A_MSIL1C_20160212T084052_N0201_R064_T36UYA_20160212T084510.SAFE/GRANULE/L1C_T36UYA_A003350_20160212T084510/IMG_DATA/T36UYA_20160212T084052_B07.jp2 at 2025-05-07 22:56:20
Image shape: 5490x5490, Windows: 100, Train steps: 20, Val steps: 5
Train accuracy: 0.9978030323982239, Val accuracy: 0.9937564730644226
Processed /home/epele/.cache/kagglehub/datasets/isaienkov/deforestation-in-ukraine/versions/1/S2A_MSIL1C_20160212T084052_N0201_R064_T36UYA_20160212T084510/S2A_MSIL1C_20160212T084052_N0201_R064_T36UYA_20160212T084510.SAFE/GRANULE/L1C_T36UYA_A003350_20160212T084510/IMG_DATA/T36UYA_20160212T084052_B08.jp2 at 2025-05-07 22:56:38
Image shape: 10980x10980, Windows: 441, Train steps: 88, Val steps: 23
Train accuracy: 0.9983503818511963, Val accuracy: 0.9956876039505005
Processed /home/epele/.cache/kagglehub/datasets/isaienkov/deforestation-in-ukraine/versions/1/S2A_MSIL1C_20160212T084052_N0201_R064_T36UYA_20160212T084510/S2A_MSIL1C_20160212T084052_N0201_R064_T36UYA_20160212T084510.SAFE/GRANULE/L1C_T36UYA_A003350_20160212T084510/IMG_DATA/T36UYA_20160212T084052_B09.jp2 at 2025-05-07 22:56:52
Image shape: 1830x1830, Windows: 9, Train steps: 2, Val steps: 1
Train accuracy: 0.9952441453933716, Val accuracy: 0.9917430877685547
Processed /home/epele/.cache/kagglehub/datasets/isaienkov/deforestation-in-ukraine/versions/1/S2A_MSIL1C_20160212T084052_N0201_R064_T36UYA_20160212T084510/S2A_MSIL1C_20160212T084052_N0201_R064_T36UYA_20160212T084510.SAFE/GRANULE/L1C_T36UYA_A003350_20160212T084510/IMG_DATA/T36UYA_20160212T084052_B10.jp2 at 2025-05-07 22:56:55
Image shape: 1830x1830, Windows: 9, Train steps: 2, Val steps: 1
Train accuracy: 0.9951635003089905, Val accuracy: 0.991943359375
Processed /home/epele/.cache/kagglehub/datasets/isaienkov/deforestation-in-ukraine/versions/1/S2A_MSIL1C_20160212T084052_N0201_R064_T36UYA_20160212T084510/S2A_MSIL1C_20160212T084052_N0201_R064_T36UYA_20160212T084510.SAFE/GRANULE/L1C_T36UYA_A003350_20160212T084510/IMG_DATA/T36UYA_20160212T084052_B11.jp2 at 2025-05-07 22:57:03
Image shape: 5490x5490, Windows: 100, Train steps: 20, Val steps: 5
Train accuracy: 0.996065616607666, Val accuracy: 0.9937828183174133
Processed /home/epele/.cache/kagglehub/datasets/isaienkov/deforestation-in-ukraine/versions/1/S2A_MSIL1C_20160212T084052_N0201_R064_T36UYA_20160212T084510/S2A_MSIL1C_20160212T084052_N0201_R064_T36UYA_20160212T084510.SAFE/GRANULE/L1C_T36UYA_A003350_20160212T084510/IMG_DATA/T36UYA_20160212T084052_B12.jp2 at 2025-05-07 22:57:10
Image shape: 5490x5490, Windows: 100, Train steps: 20, Val steps: 5
Train accuracy: 0.9967702627182007, Val accuracy: 0.993857741355896
Processed /home/epele/.cache/kagglehub/datasets/isaienkov/deforestation-in-ukraine/versions/1/S2A_MSIL1C_20160212T084052_N0201_R064_T36UYA_20160212T084510/S2A_MSIL1C_20160212T084052_N0201_R064_T36UYA_20160212T084510.SAFE/GRANULE/L1C_T36UYA_A003350_20160212T084510/IMG_DATA/T36UYA_20160212T084052_B8A.jp2 at 2025-05-07 22:57:19
Image shape: 5490x5490, Windows: 100, Train steps: 20, Val steps: 5
Train accuracy: 0.9976564645767212, Val accuracy: 0.9939168691635132
Processed /home/epele/.cache/kagglehub/datasets/isaienkov/deforestation-in-ukraine/versions/1/S2A_MSIL1C_20160212T084052_N0201_R064_T36UYA_20160212T084510/S2A_MSIL1C_20160212T084052_N0201_R064_T36UYA_20160212T084510.SAFE/GRANULE/L1C_T36UYA_A003350_20160212T084510/IMG_DATA/T36UYA_20160212T084052_TCI.jp2 at 2025-05-07 22:57:42
Image shape: 10980x10980, Windows: 441, Train steps: 88, Val steps: 23
Train accuracy: 0.9981240630149841, Val accuracy: 0.9958458542823792
Processed /home/epele/.cache/kagglehub/datasets/isaienkov/deforestation-in-ukraine/versions/1/S2A_MSIL1C_20160330T082542_N0201_R021_T36UYA_20160330T082810/S2A_MSIL1C_20160330T082542_N0201_R021_T36UYA_20160330T082810.SAFE/GRANULE/L1C_T36UYA_A004022_20160330T082810/IMG_DATA/T36UYA_20160330T082542_B01.jp2 at 2025-05-07 22:57:46
Image shape: 1830x1830, Windows: 9, Train steps: 2, Val steps: 1
Train accuracy: 0.9951547980308533, Val accuracy: 0.9881095886230469
Processed /home/epele/.cache/kagglehub/datasets/isaienkov/deforestation-in-ukraine/versions/1/S2A_MSIL1C_20160330T082542_N0201_R021_T36UYA_20160330T082810/S2A_MSIL1C_20160330T082542_N0201_R021_T36UYA_20160330T082810.SAFE/GRANULE/L1C_T36UYA_A004022_20160330T082810/IMG_DATA/T36UYA_20160330T082542_B02.jp2 at 2025-05-07 22:58:04
Image shape: 10980x10980, Windows: 441, Train steps: 88, Val steps: 23
Train accuracy: 0.9960184693336487, Val accuracy: 0.9957805275917053
Processed /home/epele/.cache/kagglehub/datasets/isaienkov/deforestation-in-ukraine/versions/1/S2A_MSIL1C_20160330T082542_N0201_R021_T36UYA_20160330T082810/S2A_MSIL1C_20160330T082542_N0201_R021_T36UYA_20160330T082810.SAFE/GRANULE/L1C_T36UYA_A004022_20160330T082810/IMG_DATA/T36UYA_20160330T082542_B03.jp2 at 2025-05-07 22:58:27
Image shape: 10980x10980, Windows: 441, Train steps: 88, Val steps: 23
Train accuracy: 0.9966591000556946, Val accuracy: 0.9958378076553345
Processed /home/epele/.cache/kagglehub/datasets/isaienkov/deforestation-in-ukraine/versions/1/S2A_MSIL1C_20160330T082542_N0201_R021_T36UYA_20160330T082810/S2A_MSIL1C_20160330T082542_N0201_R021_T36UYA_20160330T082810.SAFE/GRANULE/L1C_T36UYA_A004022_20160330T082810/IMG_DATA/T36UYA_20160330T082542_B04.jp2 at 2025-05-07 22:58:49
Image shape: 10980x10980, Windows: 441, Train steps: 88, Val steps: 23
Train accuracy: 0.9965035915374756, Val accuracy: 0.9957205057144165
Processed /home/epele/.cache/kagglehub/datasets/isaienkov/deforestation-in-ukraine/versions/1/S2A_MSIL1C_20160330T082542_N0201_R021_T36UYA_20160330T082810/S2A_MSIL1C_20160330T082542_N0201_R021_T36UYA_20160330T082810.SAFE/GRANULE/L1C_T36UYA_A004022_20160330T082810/IMG_DATA/T36UYA_20160330T082542_B05.jp2 at 2025-05-07 22:58:58
Image shape: 5490x5490, Windows: 100, Train steps: 20, Val steps: 5
Train accuracy: 0.9964720010757446, Val accuracy: 0.9937528371810913
Processed /home/epele/.cache/kagglehub/datasets/isaienkov/deforestation-in-ukraine/versions/1/S2A_MSIL1C_20160330T082542_N0201_R021_T36UYA_20160330T082810/S2A_MSIL1C_20160330T082542_N0201_R021_T36UYA_20160330T082810.SAFE/GRANULE/L1C_T36UYA_A004022_20160330T082810/IMG_DATA/T36UYA_20160330T082542_B06.jp2 at 2025-05-07 22:59:06
Image shape: 5490x5490, Windows: 100, Train steps: 20, Val steps: 5
Train accuracy: 0.9964584112167358, Val accuracy: 0.9937458038330078
Processed /home/epele/.cache/kagglehub/datasets/isaienkov/deforestation-in-ukraine/versions/1/S2A_MSIL1C_20160330T082542_N0201_R021_T36UYA_20160330T082810/S2A_MSIL1C_20160330T082542_N0201_R021_T36UYA_20160330T082810.SAFE/GRANULE/L1C_T36UYA_A004022_20160330T082810/IMG_DATA/T36UYA_20160330T082542_B07.jp2 at 2025-05-07 22:59:13
Image shape: 5490x5490, Windows: 100, Train steps: 20, Val steps: 5
Train accuracy: 0.996734619140625, Val accuracy: 0.9938503503799438
Processed /home/epele/.cache/kagglehub/datasets/isaienkov/deforestation-in-ukraine/versions/1/S2A_MSIL1C_20160330T082542_N0201_R021_T36UYA_20160330T082810/S2A_MSIL1C_20160330T082542_N0201_R021_T36UYA_20160330T082810.SAFE/GRANULE/L1C_T36UYA_A004022_20160330T082810/IMG_DATA/T36UYA_20160330T082542_B08.jp2 at 2025-05-07 22:59:34
Image shape: 10980x10980, Windows: 441, Train steps: 88, Val steps: 23
Train accuracy: 0.9962893128395081, Val accuracy: 0.9958787560462952
Processed /home/epele/.cache/kagglehub/datasets/isaienkov/deforestation-in-ukraine/versions/1/S2A_MSIL1C_20160330T082542_N0201_R021_T36UYA_20160330T082810/S2A_MSIL1C_20160330T082542_N0201_R021_T36UYA_20160330T082810.SAFE/GRANULE/L1C_T36UYA_A004022_20160330T082810/IMG_DATA/T36UYA_20160330T082542_B09.jp2 at 2025-05-07 22:59:37
Image shape: 1830x1830, Windows: 9, Train steps: 2, Val steps: 1
Train accuracy: 0.9952158331871033, Val accuracy: 0.991943359375
Processed /home/epele/.cache/kagglehub/datasets/isaienkov/deforestation-in-ukraine/versions/1/S2A_MSIL1C_20160330T082542_N0201_R021_T36UYA_20160330T082810/S2A_MSIL1C_20160330T082542_N0201_R021_T36UYA_20160330T082810.SAFE/GRANULE/L1C_T36UYA_A004022_20160330T082810/IMG_DATA/T36UYA_20160330T082542_B10.jp2 at 2025-05-07 22:59:38
Image shape: 1830x1830, Windows: 9, Train steps: 2, Val steps: 1
Train accuracy: 0.9952245354652405, Val accuracy: 0.991943359375
Processed /home/epele/.cache/kagglehub/datasets/isaienkov/deforestation-in-ukraine/versions/1/S2A_MSIL1C_20160330T082542_N0201_R021_T36UYA_20160330T082810/S2A_MSIL1C_20160330T082542_N0201_R021_T36UYA_20160330T082810.SAFE/GRANULE/L1C_T36UYA_A004022_20160330T082810/IMG_DATA/T36UYA_20160330T082542_B11.jp2 at 2025-05-07 22:59:45
Image shape: 5490x5490, Windows: 100, Train steps: 20, Val steps: 5
Train accuracy: 0.9969589114189148, Val accuracy: 0.9938446283340454
Processed /home/epele/.cache/kagglehub/datasets/isaienkov/deforestation-in-ukraine/versions/1/S2A_MSIL1C_20160330T082542_N0201_R021_T36UYA_20160330T082810/S2A_MSIL1C_20160330T082542_N0201_R021_T36UYA_20160330T082810.SAFE/GRANULE/L1C_T36UYA_A004022_20160330T082810/IMG_DATA/T36UYA_20160330T082542_B12.jp2 at 2025-05-07 22:59:52
Image shape: 5490x5490, Windows: 100, Train steps: 20, Val steps: 5
Train accuracy: 0.9970531463623047, Val accuracy: 0.9937448501586914
Processed /home/epele/.cache/kagglehub/datasets/isaienkov/deforestation-in-ukraine/versions/1/S2A_MSIL1C_20160330T082542_N0201_R021_T36UYA_20160330T082810/S2A_MSIL1C_20160330T082542_N0201_R021_T36UYA_20160330T082810.SAFE/GRANULE/L1C_T36UYA_A004022_20160330T082810/IMG_DATA/T36UYA_20160330T082542_B8A.jp2 at 2025-05-07 23:00:02
Image shape: 5490x5490, Windows: 100, Train steps: 20, Val steps: 5
Train accuracy: 0.9968534708023071, Val accuracy: 0.9938918948173523
Processed /home/epele/.cache/kagglehub/datasets/isaienkov/deforestation-in-ukraine/versions/1/S2A_MSIL1C_20160330T082542_N0201_R021_T36UYA_20160330T082810/S2A_MSIL1C_20160330T082542_N0201_R021_T36UYA_20160330T082810.SAFE/GRANULE/L1C_T36UYA_A004022_20160330T082810/IMG_DATA/T36UYA_20160330T082542_TCI.jp2 at 2025-05-07 23:00:26
Image shape: 10980x10980, Windows: 441, Train steps: 88, Val steps: 23
Train accuracy: 0.9966148138046265, Val accuracy: 0.9955713748931885
Processed /home/epele/.cache/kagglehub/datasets/isaienkov/deforestation-in-ukraine/versions/1/S2A_MSIL1C_20160405T085012_N0201_R107_T36UYA_20160405T085012/S2A_MSIL1C_20160405T085012_N0201_R107_T36UYA_20160405T085012.SAFE/GRANULE/L1C_T36UYA_A004108_20160405T085012/IMG_DATA/T36UYA_20160405T085012_B01.jp2 at 2025-05-07 23:00:30
Image shape: 1830x1830, Windows: 9, Train steps: 2, Val steps: 1
Train accuracy: 0.9951635003089905, Val accuracy: 0.991943359375
Processed /home/epele/.cache/kagglehub/datasets/isaienkov/deforestation-in-ukraine/versions/1/S2A_MSIL1C_20160405T085012_N0201_R107_T36UYA_20160405T085012/S2A_MSIL1C_20160405T085012_N0201_R107_T36UYA_20160405T085012.SAFE/GRANULE/L1C_T36UYA_A004108_20160405T085012/IMG_DATA/T36UYA_20160405T085012_B02.jp2 at 2025-05-07 23:00:47
Image shape: 10980x10980, Windows: 441, Train steps: 88, Val steps: 23
Train accuracy: 0.9953527450561523, Val accuracy: 0.9959002137184143
Processed /home/epele/.cache/kagglehub/datasets/isaienkov/deforestation-in-ukraine/versions/1/S2A_MSIL1C_20160405T085012_N0201_R107_T36UYA_20160405T085012/S2A_MSIL1C_20160405T085012_N0201_R107_T36UYA_20160405T085012.SAFE/GRANULE/L1C_T36UYA_A004108_20160405T085012/IMG_DATA/T36UYA_20160405T085012_B03.jp2 at 2025-05-07 23:01:08
Image shape: 10980x10980, Windows: 441, Train steps: 88, Val steps: 23
Train accuracy: 0.9953933954238892, Val accuracy: 0.9959002137184143
Processed /home/epele/.cache/kagglehub/datasets/isaienkov/deforestation-in-ukraine/versions/1/S2A_MSIL1C_20160405T085012_N0201_R107_T36UYA_20160405T085012/S2A_MSIL1C_20160405T085012_N0201_R107_T36UYA_20160405T085012.SAFE/GRANULE/L1C_T36UYA_A004108_20160405T085012/IMG_DATA/T36UYA_20160405T085012_B04.jp2 at 2025-05-07 23:01:28
Image shape: 10980x10980, Windows: 441, Train steps: 88, Val steps: 23
Train accuracy: 0.9954147934913635, Val accuracy: 0.9959002137184143
Processed /home/epele/.cache/kagglehub/datasets/isaienkov/deforestation-in-ukraine/versions/1/S2A_MSIL1C_20160405T085012_N0201_R107_T36UYA_20160405T085012/S2A_MSIL1C_20160405T085012_N0201_R107_T36UYA_20160405T085012.SAFE/GRANULE/L1C_T36UYA_A004108_20160405T085012/IMG_DATA/T36UYA_20160405T085012_B05.jp2 at 2025-05-07 23:01:37
Image shape: 5490x5490, Windows: 100, Train steps: 20, Val steps: 5
Train accuracy: 0.9956258535385132, Val accuracy: 0.9939031600952148
Processed /home/epele/.cache/kagglehub/datasets/isaienkov/deforestation-in-ukraine/versions/1/S2A_MSIL1C_20160405T085012_N0201_R107_T36UYA_20160405T085012/S2A_MSIL1C_20160405T085012_N0201_R107_T36UYA_20160405T085012.SAFE/GRANULE/L1C_T36UYA_A004108_20160405T085012/IMG_DATA/T36UYA_20160405T085012_B06.jp2 at 2025-05-07 23:01:45
Image shape: 5490x5490, Windows: 100, Train steps: 20, Val steps: 5
Train accuracy: 0.9956556558609009, Val accuracy: 0.9939031600952148
Processed /home/epele/.cache/kagglehub/datasets/isaienkov/deforestation-in-ukraine/versions/1/S2A_MSIL1C_20160405T085012_N0201_R107_T36UYA_20160405T085012/S2A_MSIL1C_20160405T085012_N0201_R107_T36UYA_20160405T085012.SAFE/GRANULE/L1C_T36UYA_A004108_20160405T085012/IMG_DATA/T36UYA_20160405T085012_B07.jp2 at 2025-05-07 23:01:52
Image shape: 5490x5490, Windows: 100, Train steps: 20, Val steps: 5
Train accuracy: 0.9956619143486023, Val accuracy: 0.9939031600952148
Processed /home/epele/.cache/kagglehub/datasets/isaienkov/deforestation-in-ukraine/versions/1/S2A_MSIL1C_20160405T085012_N0201_R107_T36UYA_20160405T085012/S2A_MSIL1C_20160405T085012_N0201_R107_T36UYA_20160405T085012.SAFE/GRANULE/L1C_T36UYA_A004108_20160405T085012/IMG_DATA/T36UYA_20160405T085012_B08.jp2 at 2025-05-07 23:02:13
Image shape: 10980x10980, Windows: 441, Train steps: 88, Val steps: 23
Train accuracy: 0.9953718781471252, Val accuracy: 0.9959002137184143
Processed /home/epele/.cache/kagglehub/datasets/isaienkov/deforestation-in-ukraine/versions/1/S2A_MSIL1C_20160405T085012_N0201_R107_T36UYA_20160405T085012/S2A_MSIL1C_20160405T085012_N0201_R107_T36UYA_20160405T085012.SAFE/GRANULE/L1C_T36UYA_A004108_20160405T085012/IMG_DATA/T36UYA_20160405T085012_B09.jp2 at 2025-05-07 23:02:16
Image shape: 1830x1830, Windows: 9, Train steps: 2, Val steps: 1
Train accuracy: 0.9951144456863403, Val accuracy: 0.991943359375
Processed /home/epele/.cache/kagglehub/datasets/isaienkov/deforestation-in-ukraine/versions/1/S2A_MSIL1C_20160405T085012_N0201_R107_T36UYA_20160405T085012/S2A_MSIL1C_20160405T085012_N0201_R107_T36UYA_20160405T085012.SAFE/GRANULE/L1C_T36UYA_A004108_20160405T085012/IMG_DATA/T36UYA_20160405T085012_B10.jp2 at 2025-05-07 23:02:17
Image shape: 1830x1830, Windows: 9, Train steps: 2, Val steps: 1
Train accuracy: 0.9951635003089905, Val accuracy: 0.991943359375
Processed /home/epele/.cache/kagglehub/datasets/isaienkov/deforestation-in-ukraine/versions/1/S2A_MSIL1C_20160405T085012_N0201_R107_T36UYA_20160405T085012/S2A_MSIL1C_20160405T085012_N0201_R107_T36UYA_20160405T085012.SAFE/GRANULE/L1C_T36UYA_A004108_20160405T085012/IMG_DATA/T36UYA_20160405T085012_B11.jp2 at 2025-05-07 23:02:24
Image shape: 5490x5490, Windows: 100, Train steps: 20, Val steps: 5
Train accuracy: 0.9956703186035156, Val accuracy: 0.9939031600952148
Processed /home/epele/.cache/kagglehub/datasets/isaienkov/deforestation-in-ukraine/versions/1/S2A_MSIL1C_20160405T085012_N0201_R107_T36UYA_20160405T085012/S2A_MSIL1C_20160405T085012_N0201_R107_T36UYA_20160405T085012.SAFE/GRANULE/L1C_T36UYA_A004108_20160405T085012/IMG_DATA/T36UYA_20160405T085012_B12.jp2 at 2025-05-07 23:02:31
Image shape: 5490x5490, Windows: 100, Train steps: 20, Val steps: 5
Train accuracy: 0.9956773519515991, Val accuracy: 0.9939031600952148
Processed /home/epele/.cache/kagglehub/datasets/isaienkov/deforestation-in-ukraine/versions/1/S2A_MSIL1C_20160405T085012_N0201_R107_T36UYA_20160405T085012/S2A_MSIL1C_20160405T085012_N0201_R107_T36UYA_20160405T085012.SAFE/GRANULE/L1C_T36UYA_A004108_20160405T085012/IMG_DATA/T36UYA_20160405T085012_B8A.jp2 at 2025-05-07 23:02:38
Image shape: 5490x5490, Windows: 100, Train steps: 20, Val steps: 5
Train accuracy: 0.9956762194633484, Val accuracy: 0.9939031600952148
Processed /home/epele/.cache/kagglehub/datasets/isaienkov/deforestation-in-ukraine/versions/1/S2A_MSIL1C_20160405T085012_N0201_R107_T36UYA_20160405T085012/S2A_MSIL1C_20160405T085012_N0201_R107_T36UYA_20160405T085012.SAFE/GRANULE/L1C_T36UYA_A004108_20160405T085012/IMG_DATA/T36UYA_20160405T085012_TCI.jp2 at 2025-05-07 23:03:01
Image shape: 10980x10980, Windows: 441, Train steps: 88, Val steps: 23
Train accuracy: 0.9954089522361755, Val accuracy: 0.9959002137184143
Processed /home/epele/.cache/kagglehub/datasets/isaienkov/deforestation-in-ukraine/versions/1/S2A_MSIL1C_20160502T083602_N0201_R064_T36UYA_20160502T084425/S2A_MSIL1C_20160502T083602_N0201_R064_T36UYA_20160502T084425.SAFE/GRANULE/L1C_T36UYA_A004494_20160502T084425/IMG_DATA/T36UYA_20160502T083602_B01.jp2 at 2025-05-07 23:03:04
Image shape: 1830x1830, Windows: 9, Train steps: 2, Val steps: 1
Train accuracy: 0.9951629638671875, Val accuracy: 0.991943359375
Processed /home/epele/.cache/kagglehub/datasets/isaienkov/deforestation-in-ukraine/versions/1/S2A_MSIL1C_20160502T083602_N0201_R064_T36UYA_20160502T084425/S2A_MSIL1C_20160502T083602_N0201_R064_T36UYA_20160502T084425.SAFE/GRANULE/L1C_T36UYA_A004494_20160502T084425/IMG_DATA/T36UYA_20160502T083602_B02.jp2 at 2025-05-07 23:03:25
Image shape: 10980x10980, Windows: 441, Train steps: 88, Val steps: 23
Train accuracy: 0.9952719211578369, Val accuracy: 0.9959002137184143
Processed /home/epele/.cache/kagglehub/datasets/isaienkov/deforestation-in-ukraine/versions/1/S2A_MSIL1C_20160502T083602_N0201_R064_T36UYA_20160502T084425/S2A_MSIL1C_20160502T083602_N0201_R064_T36UYA_20160502T084425.SAFE/GRANULE/L1C_T36UYA_A004494_20160502T084425/IMG_DATA/T36UYA_20160502T083602_B03.jp2 at 2025-05-07 23:03:49
Image shape: 10980x10980, Windows: 441, Train steps: 88, Val steps: 23
Train accuracy: 0.9954879879951477, Val accuracy: 0.995898962020874
Processed /home/epele/.cache/kagglehub/datasets/isaienkov/deforestation-in-ukraine/versions/1/S2A_MSIL1C_20160502T083602_N0201_R064_T36UYA_20160502T084425/S2A_MSIL1C_20160502T083602_N0201_R064_T36UYA_20160502T084425.SAFE/GRANULE/L1C_T36UYA_A004494_20160502T084425/IMG_DATA/T36UYA_20160502T083602_B04.jp2 at 2025-05-07 23:04:11
Image shape: 10980x10980, Windows: 441, Train steps: 88, Val steps: 23
Train accuracy: 0.9958778023719788, Val accuracy: 0.9958619475364685
Processed /home/epele/.cache/kagglehub/datasets/isaienkov/deforestation-in-ukraine/versions/1/S2A_MSIL1C_20160502T083602_N0201_R064_T36UYA_20160502T084425/S2A_MSIL1C_20160502T083602_N0201_R064_T36UYA_20160502T084425.SAFE/GRANULE/L1C_T36UYA_A004494_20160502T084425/IMG_DATA/T36UYA_20160502T083602_B05.jp2 at 2025-05-07 23:04:20
Image shape: 5490x5490, Windows: 100, Train steps: 20, Val steps: 5
Train accuracy: 0.9957135915756226, Val accuracy: 0.9939025640487671
Processed /home/epele/.cache/kagglehub/datasets/isaienkov/deforestation-in-ukraine/versions/1/S2A_MSIL1C_20160502T083602_N0201_R064_T36UYA_20160502T084425/S2A_MSIL1C_20160502T083602_N0201_R064_T36UYA_20160502T084425.SAFE/GRANULE/L1C_T36UYA_A004494_20160502T084425/IMG_DATA/T36UYA_20160502T083602_B06.jp2 at 2025-05-07 23:04:28
Image shape: 5490x5490, Windows: 100, Train steps: 20, Val steps: 5
Train accuracy: 0.9962078332901001, Val accuracy: 0.9938722848892212
Processed /home/epele/.cache/kagglehub/datasets/isaienkov/deforestation-in-ukraine/versions/1/S2A_MSIL1C_20160502T083602_N0201_R064_T36UYA_20160502T084425/S2A_MSIL1C_20160502T083602_N0201_R064_T36UYA_20160502T084425.SAFE/GRANULE/L1C_T36UYA_A004494_20160502T084425/IMG_DATA/T36UYA_20160502T083602_B07.jp2 at 2025-05-07 23:04:35
Image shape: 5490x5490, Windows: 100, Train steps: 20, Val steps: 5
Train accuracy: 0.9970353841781616, Val accuracy: 0.9938592910766602
Processed /home/epele/.cache/kagglehub/datasets/isaienkov/deforestation-in-ukraine/versions/1/S2A_MSIL1C_20160502T083602_N0201_R064_T36UYA_20160502T084425/S2A_MSIL1C_20160502T083602_N0201_R064_T36UYA_20160502T084425.SAFE/GRANULE/L1C_T36UYA_A004494_20160502T084425/IMG_DATA/T36UYA_20160502T083602_B08.jp2 at 2025-05-07 23:04:56
Image shape: 10980x10980, Windows: 441, Train steps: 88, Val steps: 23
Train accuracy: 0.996408224105835, Val accuracy: 0.995883047580719
Processed /home/epele/.cache/kagglehub/datasets/isaienkov/deforestation-in-ukraine/versions/1/S2A_MSIL1C_20160502T083602_N0201_R064_T36UYA_20160502T084425/S2A_MSIL1C_20160502T083602_N0201_R064_T36UYA_20160502T084425.SAFE/GRANULE/L1C_T36UYA_A004494_20160502T084425/IMG_DATA/T36UYA_20160502T083602_B09.jp2 at 2025-05-07 23:05:00
Image shape: 1830x1830, Windows: 9, Train steps: 2, Val steps: 1
Train accuracy: 0.9952425360679626, Val accuracy: 0.9918308258056641
Processed /home/epele/.cache/kagglehub/datasets/isaienkov/deforestation-in-ukraine/versions/1/S2A_MSIL1C_20160502T083602_N0201_R064_T36UYA_20160502T084425/S2A_MSIL1C_20160502T083602_N0201_R064_T36UYA_20160502T084425.SAFE/GRANULE/L1C_T36UYA_A004494_20160502T084425/IMG_DATA/T36UYA_20160502T083602_B10.jp2 at 2025-05-07 23:05:02
Image shape: 1830x1830, Windows: 9, Train steps: 2, Val steps: 1
Train accuracy: 0.9953035712242126, Val accuracy: 0.991943359375
Processed /home/epele/.cache/kagglehub/datasets/isaienkov/deforestation-in-ukraine/versions/1/S2A_MSIL1C_20160502T083602_N0201_R064_T36UYA_20160502T084425/S2A_MSIL1C_20160502T083602_N0201_R064_T36UYA_20160502T084425.SAFE/GRANULE/L1C_T36UYA_A004494_20160502T084425/IMG_DATA/T36UYA_20160502T083602_B11.jp2 at 2025-05-07 23:05:09
Image shape: 5490x5490, Windows: 100, Train steps: 20, Val steps: 5
Train accuracy: 0.9965575933456421, Val accuracy: 0.9938894510269165
Processed /home/epele/.cache/kagglehub/datasets/isaienkov/deforestation-in-ukraine/versions/1/S2A_MSIL1C_20160502T083602_N0201_R064_T36UYA_20160502T084425/S2A_MSIL1C_20160502T083602_N0201_R064_T36UYA_20160502T084425.SAFE/GRANULE/L1C_T36UYA_A004494_20160502T084425/IMG_DATA/T36UYA_20160502T083602_B12.jp2 at 2025-05-07 23:05:16
Image shape: 5490x5490, Windows: 100, Train steps: 20, Val steps: 5
Train accuracy: 0.9972931146621704, Val accuracy: 0.9938684701919556
Processed /home/epele/.cache/kagglehub/datasets/isaienkov/deforestation-in-ukraine/versions/1/S2A_MSIL1C_20160502T083602_N0201_R064_T36UYA_20160502T084425/S2A_MSIL1C_20160502T083602_N0201_R064_T36UYA_20160502T084425.SAFE/GRANULE/L1C_T36UYA_A004494_20160502T084425/IMG_DATA/T36UYA_20160502T083602_B8A.jp2 at 2025-05-07 23:05:24
Image shape: 5490x5490, Windows: 100, Train steps: 20, Val steps: 5
Train accuracy: 0.9974632263183594, Val accuracy: 0.993800163269043
Processed /home/epele/.cache/kagglehub/datasets/isaienkov/deforestation-in-ukraine/versions/1/S2A_MSIL1C_20160502T083602_N0201_R064_T36UYA_20160502T084425/S2A_MSIL1C_20160502T083602_N0201_R064_T36UYA_20160502T084425.SAFE/GRANULE/L1C_T36UYA_A004494_20160502T084425/IMG_DATA/T36UYA_20160502T083602_TCI.jp2 at 2025-05-07 23:05:49
Image shape: 10980x10980, Windows: 441, Train steps: 88, Val steps: 23
Train accuracy: 0.9961418509483337, Val accuracy: 0.9958738088607788
Processed /home/epele/.cache/kagglehub/datasets/isaienkov/deforestation-in-ukraine/versions/1/S2A_MSIL1C_20160509T082612_N0202_R021_T36UYA_20160509T083548/S2A_MSIL1C_20160509T082612_N0202_R021_T36UYA_20160509T083548.SAFE/GRANULE/L1C_T36UYA_A004594_20160509T083548/IMG_DATA/T36UYA_20160509T082612_B01.jp2 at 2025-05-07 23:05:52
Image shape: 1830x1830, Windows: 9, Train steps: 2, Val steps: 1
Train accuracy: 0.9951520562171936, Val accuracy: 0.9914760589599609
Processed /home/epele/.cache/kagglehub/datasets/isaienkov/deforestation-in-ukraine/versions/1/S2A_MSIL1C_20160509T082612_N0202_R021_T36UYA_20160509T083548/S2A_MSIL1C_20160509T082612_N0202_R021_T36UYA_20160509T083548.SAFE/GRANULE/L1C_T36UYA_A004594_20160509T083548/IMG_DATA/T36UYA_20160509T082612_B02.jp2 at 2025-05-07 23:06:12
Image shape: 10980x10980, Windows: 441, Train steps: 88, Val steps: 23
Train accuracy: 0.9959205985069275, Val accuracy: 0.9955354332923889
Processed /home/epele/.cache/kagglehub/datasets/isaienkov/deforestation-in-ukraine/versions/1/S2A_MSIL1C_20160509T082612_N0202_R021_T36UYA_20160509T083548/S2A_MSIL1C_20160509T082612_N0202_R021_T36UYA_20160509T083548.SAFE/GRANULE/L1C_T36UYA_A004594_20160509T083548/IMG_DATA/T36UYA_20160509T082612_B03.jp2 at 2025-05-07 23:06:33
Image shape: 10980x10980, Windows: 441, Train steps: 88, Val steps: 23
Train accuracy: 0.9962283968925476, Val accuracy: 0.9958780407905579
Processed /home/epele/.cache/kagglehub/datasets/isaienkov/deforestation-in-ukraine/versions/1/S2A_MSIL1C_20160509T082612_N0202_R021_T36UYA_20160509T083548/S2A_MSIL1C_20160509T082612_N0202_R021_T36UYA_20160509T083548.SAFE/GRANULE/L1C_T36UYA_A004594_20160509T083548/IMG_DATA/T36UYA_20160509T082612_B04.jp2 at 2025-05-07 23:06:56
Image shape: 10980x10980, Windows: 441, Train steps: 88, Val steps: 23
Train accuracy: 0.9963043332099915, Val accuracy: 0.9957939982414246
Processed /home/epele/.cache/kagglehub/datasets/isaienkov/deforestation-in-ukraine/versions/1/S2A_MSIL1C_20160509T082612_N0202_R021_T36UYA_20160509T083548/S2A_MSIL1C_20160509T082612_N0202_R021_T36UYA_20160509T083548.SAFE/GRANULE/L1C_T36UYA_A004594_20160509T083548/IMG_DATA/T36UYA_20160509T082612_B05.jp2 at 2025-05-07 23:07:05
Image shape: 5490x5490, Windows: 100, Train steps: 20, Val steps: 5
Train accuracy: 0.9966115951538086, Val accuracy: 0.9935827255249023
Processed /home/epele/.cache/kagglehub/datasets/isaienkov/deforestation-in-ukraine/versions/1/S2A_MSIL1C_20160509T082612_N0202_R021_T36UYA_20160509T083548/S2A_MSIL1C_20160509T082612_N0202_R021_T36UYA_20160509T083548.SAFE/GRANULE/L1C_T36UYA_A004594_20160509T083548/IMG_DATA/T36UYA_20160509T082612_B06.jp2 at 2025-05-07 23:07:13
Image shape: 5490x5490, Windows: 100, Train steps: 20, Val steps: 5
Train accuracy: 0.9966226816177368, Val accuracy: 0.9937887191772461
Processed /home/epele/.cache/kagglehub/datasets/isaienkov/deforestation-in-ukraine/versions/1/S2A_MSIL1C_20160509T082612_N0202_R021_T36UYA_20160509T083548/S2A_MSIL1C_20160509T082612_N0202_R021_T36UYA_20160509T083548.SAFE/GRANULE/L1C_T36UYA_A004594_20160509T083548/IMG_DATA/T36UYA_20160509T082612_B07.jp2 at 2025-05-07 23:07:20
Image shape: 5490x5490, Windows: 100, Train steps: 20, Val steps: 5
Train accuracy: 0.9968482255935669, Val accuracy: 0.9936879873275757
Processed /home/epele/.cache/kagglehub/datasets/isaienkov/deforestation-in-ukraine/versions/1/S2A_MSIL1C_20160509T082612_N0202_R021_T36UYA_20160509T083548/S2A_MSIL1C_20160509T082612_N0202_R021_T36UYA_20160509T083548.SAFE/GRANULE/L1C_T36UYA_A004594_20160509T083548/IMG_DATA/T36UYA_20160509T082612_B08.jp2 at 2025-05-07 23:07:39
Image shape: 10980x10980, Windows: 441, Train steps: 88, Val steps: 23
Train accuracy: 0.9961265325546265, Val accuracy: 0.9953587651252747
Processed /home/epele/.cache/kagglehub/datasets/isaienkov/deforestation-in-ukraine/versions/1/S2A_MSIL1C_20160509T082612_N0202_R021_T36UYA_20160509T083548/S2A_MSIL1C_20160509T082612_N0202_R021_T36UYA_20160509T083548.SAFE/GRANULE/L1C_T36UYA_A004594_20160509T083548/IMG_DATA/T36UYA_20160509T082612_B09.jp2 at 2025-05-07 23:07:42
Image shape: 1830x1830, Windows: 9, Train steps: 2, Val steps: 1
Train accuracy: 0.9953084588050842, Val accuracy: 0.9899559020996094
Processed /home/epele/.cache/kagglehub/datasets/isaienkov/deforestation-in-ukraine/versions/1/S2A_MSIL1C_20160509T082612_N0202_R021_T36UYA_20160509T083548/S2A_MSIL1C_20160509T082612_N0202_R021_T36UYA_20160509T083548.SAFE/GRANULE/L1C_T36UYA_A004594_20160509T083548/IMG_DATA/T36UYA_20160509T082612_B10.jp2 at 2025-05-07 23:07:44
Image shape: 1830x1830, Windows: 9, Train steps: 2, Val steps: 1
Train accuracy: 0.9951695203781128, Val accuracy: 0.991943359375
Processed /home/epele/.cache/kagglehub/datasets/isaienkov/deforestation-in-ukraine/versions/1/S2A_MSIL1C_20160509T082612_N0202_R021_T36UYA_20160509T083548/S2A_MSIL1C_20160509T082612_N0202_R021_T36UYA_20160509T083548.SAFE/GRANULE/L1C_T36UYA_A004594_20160509T083548/IMG_DATA/T36UYA_20160509T082612_B11.jp2 at 2025-05-07 23:07:51
Image shape: 5490x5490, Windows: 100, Train steps: 20, Val steps: 5
Train accuracy: 0.9967660903930664, Val accuracy: 0.9937229156494141
Processed /home/epele/.cache/kagglehub/datasets/isaienkov/deforestation-in-ukraine/versions/1/S2A_MSIL1C_20160509T082612_N0202_R021_T36UYA_20160509T083548/S2A_MSIL1C_20160509T082612_N0202_R021_T36UYA_20160509T083548.SAFE/GRANULE/L1C_T36UYA_A004594_20160509T083548/IMG_DATA/T36UYA_20160509T082612_B12.jp2 at 2025-05-07 23:07:58
Image shape: 5490x5490, Windows: 100, Train steps: 20, Val steps: 5
Train accuracy: 0.9969240427017212, Val accuracy: 0.9939020276069641
Processed /home/epele/.cache/kagglehub/datasets/isaienkov/deforestation-in-ukraine/versions/1/S2A_MSIL1C_20160509T082612_N0202_R021_T36UYA_20160509T083548/S2A_MSIL1C_20160509T082612_N0202_R021_T36UYA_20160509T083548.SAFE/GRANULE/L1C_T36UYA_A004594_20160509T083548/IMG_DATA/T36UYA_20160509T082612_B8A.jp2 at 2025-05-07 23:08:06
Image shape: 5490x5490, Windows: 100, Train steps: 20, Val steps: 5
Train accuracy: 0.9968318939208984, Val accuracy: 0.9938606023788452
Training started at: 2025-05-07 23:09:36
Processed /home/epele/.cache/kagglehub/datasets/isaienkov/deforestation-in-ukraine/versions/1/S2A_MSIL1C_20160509T082612_N0202_R021_T36UYA_20160509T083548/S2A_MSIL1C_20160509T082612_N0202_R021_T36UYA_20160509T083548.SAFE/GRANULE/L1C_T36UYA_A004594_20160509T083548/IMG_DATA/T36UYA_20160509T082612_TCI.jp2 at 2025-05-07 23:10:17
Image shape: 10980x10980, Windows: 441, Train steps: 88, Val steps: 23
Train accuracy: 0.9957906603813171, Val accuracy: 0.9946597814559937
Processed /home/epele/.cache/kagglehub/datasets/isaienkov/deforestation-in-ukraine/versions/1/S2A_MSIL1C_20160618T082602_N0204_R021_T36UYA_20160618T083357/S2A_MSIL1C_20160618T082602_N0204_R021_T36UYA_20160618T083357.SAFE/GRANULE/L1C_T36UYA_A005166_20160618T083357/IMG_DATA/T36UYA_20160618T082602_B01.jp2 at 2025-05-07 23:10:31
Image shape: 1830x1830, Windows: 9, Train steps: 2, Val steps: 1
Train accuracy: 0.9951335191726685, Val accuracy: 0.967315673828125
Processed /home/epele/.cache/kagglehub/datasets/isaienkov/deforestation-in-ukraine/versions/1/S2A_MSIL1C_20160618T082602_N0204_R021_T36UYA_20160618T083357/S2A_MSIL1C_20160618T082602_N0204_R021_T36UYA_20160618T083357.SAFE/GRANULE/L1C_T36UYA_A005166_20160618T083357/IMG_DATA/T36UYA_20160618T082602_B02.jp2 at 2025-05-07 23:10:51
Image shape: 10980x10980, Windows: 441, Train steps: 88, Val steps: 23
Train accuracy: 0.9959874749183655, Val accuracy: 0.9958927035331726
Processed /home/epele/.cache/kagglehub/datasets/isaienkov/deforestation-in-ukraine/versions/1/S2A_MSIL1C_20160618T082602_N0204_R021_T36UYA_20160618T083357/S2A_MSIL1C_20160618T082602_N0204_R021_T36UYA_20160618T083357.SAFE/GRANULE/L1C_T36UYA_A005166_20160618T083357/IMG_DATA/T36UYA_20160618T082602_B03.jp2 at 2025-05-07 23:11:12
Image shape: 10980x10980, Windows: 441, Train steps: 88, Val steps: 23
Train accuracy: 0.9967634677886963, Val accuracy: 0.9958776235580444
Processed /home/epele/.cache/kagglehub/datasets/isaienkov/deforestation-in-ukraine/versions/1/S2A_MSIL1C_20160618T082602_N0204_R021_T36UYA_20160618T083357/S2A_MSIL1C_20160618T082602_N0204_R021_T36UYA_20160618T083357.SAFE/GRANULE/L1C_T36UYA_A005166_20160618T083357/IMG_DATA/T36UYA_20160618T082602_B04.jp2 at 2025-05-07 23:11:35
Image shape: 10980x10980, Windows: 441, Train steps: 88, Val steps: 23
Train accuracy: 0.9967615604400635, Val accuracy: 0.9958845973014832
Processed /home/epele/.cache/kagglehub/datasets/isaienkov/deforestation-in-ukraine/versions/1/S2A_MSIL1C_20160618T082602_N0204_R021_T36UYA_20160618T083357/S2A_MSIL1C_20160618T082602_N0204_R021_T36UYA_20160618T083357.SAFE/GRANULE/L1C_T36UYA_A005166_20160618T083357/IMG_DATA/T36UYA_20160618T082602_B05.jp2 at 2025-05-07 23:11:44
Image shape: 5490x5490, Windows: 100, Train steps: 20, Val steps: 5
Train accuracy: 0.9965486526489258, Val accuracy: 0.9938670992851257
Processed /home/epele/.cache/kagglehub/datasets/isaienkov/deforestation-in-ukraine/versions/1/S2A_MSIL1C_20160618T082602_N0204_R021_T36UYA_20160618T083357/S2A_MSIL1C_20160618T082602_N0204_R021_T36UYA_20160618T083357.SAFE/GRANULE/L1C_T36UYA_A005166_20160618T083357/IMG_DATA/T36UYA_20160618T082602_B06.jp2 at 2025-05-07 23:11:51
Image shape: 5490x5490, Windows: 100, Train steps: 20, Val steps: 5
Train accuracy: 0.9965213537216187, Val accuracy: 0.9938360452651978
Processed /home/epele/.cache/kagglehub/datasets/isaienkov/deforestation-in-ukraine/versions/1/S2A_MSIL1C_20160618T082602_N0204_R021_T36UYA_20160618T083357/S2A_MSIL1C_20160618T082602_N0204_R021_T36UYA_20160618T083357.SAFE/GRANULE/L1C_T36UYA_A005166_20160618T083357/IMG_DATA/T36UYA_20160618T082602_B07.jp2 at 2025-05-07 23:11:59
Image shape: 5490x5490, Windows: 100, Train steps: 20, Val steps: 5
Train accuracy: 0.9967721700668335, Val accuracy: 0.9938558340072632
Processed /home/epele/.cache/kagglehub/datasets/isaienkov/deforestation-in-ukraine/versions/1/S2A_MSIL1C_20160618T082602_N0204_R021_T36UYA_20160618T083357/S2A_MSIL1C_20160618T082602_N0204_R021_T36UYA_20160618T083357.SAFE/GRANULE/L1C_T36UYA_A005166_20160618T083357/IMG_DATA/T36UYA_20160618T082602_B08.jp2 at 2025-05-07 23:12:17
Image shape: 10980x10980, Windows: 441, Train steps: 88, Val steps: 23
Train accuracy: 0.9965410232543945, Val accuracy: 0.9957227110862732
Processed /home/epele/.cache/kagglehub/datasets/isaienkov/deforestation-in-ukraine/versions/1/S2A_MSIL1C_20160618T082602_N0204_R021_T36UYA_20160618T083357/S2A_MSIL1C_20160618T082602_N0204_R021_T36UYA_20160618T083357.SAFE/GRANULE/L1C_T36UYA_A005166_20160618T083357/IMG_DATA/T36UYA_20160618T082602_B09.jp2 at 2025-05-07 23:12:21
Image shape: 1830x1830, Windows: 9, Train steps: 2, Val steps: 1
Train accuracy: 0.995208203792572, Val accuracy: 0.991943359375
Processed /home/epele/.cache/kagglehub/datasets/isaienkov/deforestation-in-ukraine/versions/1/S2A_MSIL1C_20160618T082602_N0204_R021_T36UYA_20160618T083357/S2A_MSIL1C_20160618T082602_N0204_R021_T36UYA_20160618T083357.SAFE/GRANULE/L1C_T36UYA_A005166_20160618T083357/IMG_DATA/T36UYA_20160618T082602_B10.jp2 at 2025-05-07 23:12:22
Image shape: 1830x1830, Windows: 9, Train steps: 2, Val steps: 1
Train accuracy: 0.9952152967453003, Val accuracy: 0.991943359375
Processed /home/epele/.cache/kagglehub/datasets/isaienkov/deforestation-in-ukraine/versions/1/S2A_MSIL1C_20160618T082602_N0204_R021_T36UYA_20160618T083357/S2A_MSIL1C_20160618T082602_N0204_R021_T36UYA_20160618T083357.SAFE/GRANULE/L1C_T36UYA_A005166_20160618T083357/IMG_DATA/T36UYA_20160618T082602_B11.jp2 at 2025-05-07 23:12:28
Image shape: 5490x5490, Windows: 100, Train steps: 20, Val steps: 5
Train accuracy: 0.9967994689941406, Val accuracy: 0.9937324523925781
Processed /home/epele/.cache/kagglehub/datasets/isaienkov/deforestation-in-ukraine/versions/1/S2A_MSIL1C_20160618T082602_N0204_R021_T36UYA_20160618T083357/S2A_MSIL1C_20160618T082602_N0204_R021_T36UYA_20160618T083357.SAFE/GRANULE/L1C_T36UYA_A005166_20160618T083357/IMG_DATA/T36UYA_20160618T082602_B12.jp2 at 2025-05-07 23:12:36
Image shape: 5490x5490, Windows: 100, Train steps: 20, Val steps: 5
Train accuracy: 0.996903121471405, Val accuracy: 0.9937483072280884
Processed /home/epele/.cache/kagglehub/datasets/isaienkov/deforestation-in-ukraine/versions/1/S2A_MSIL1C_20160618T082602_N0204_R021_T36UYA_20160618T083357/S2A_MSIL1C_20160618T082602_N0204_R021_T36UYA_20160618T083357.SAFE/GRANULE/L1C_T36UYA_A005166_20160618T083357/IMG_DATA/T36UYA_20160618T082602_B8A.jp2 at 2025-05-07 23:12:43
Image shape: 5490x5490, Windows: 100, Train steps: 20, Val steps: 5
Train accuracy: 0.9967445135116577, Val accuracy: 0.9938987493515015
Processed /home/epele/.cache/kagglehub/datasets/isaienkov/deforestation-in-ukraine/versions/1/S2A_MSIL1C_20160618T082602_N0204_R021_T36UYA_20160618T083357/S2A_MSIL1C_20160618T082602_N0204_R021_T36UYA_20160618T083357.SAFE/GRANULE/L1C_T36UYA_A005166_20160618T083357/IMG_DATA/T36UYA_20160618T082602_TCI.jp2 at 2025-05-07 23:13:07
Image shape: 10980x10980, Windows: 441, Train steps: 88, Val steps: 23
Train accuracy: 0.9967432022094727, Val accuracy: 0.9956977367401123
Processed /home/epele/.cache/kagglehub/datasets/isaienkov/deforestation-in-ukraine/versions/1/S2A_MSIL1C_20160621T084012_N0204_R064_T36UYA_20160621T084513/S2A_MSIL1C_20160621T084012_N0204_R064_T36UYA_20160621T084513.SAFE/GRANULE/L1C_T36UYA_A005209_20160621T084513/IMG_DATA/T36UYA_20160621T084012_B01.jp2 at 2025-05-07 23:13:10
Image shape: 1830x1830, Windows: 9, Train steps: 2, Val steps: 1
Train accuracy: 0.9950615763664246, Val accuracy: 0.9918766021728516
Processed /home/epele/.cache/kagglehub/datasets/isaienkov/deforestation-in-ukraine/versions/1/S2A_MSIL1C_20160621T084012_N0204_R064_T36UYA_20160621T084513/S2A_MSIL1C_20160621T084012_N0204_R064_T36UYA_20160621T084513.SAFE/GRANULE/L1C_T36UYA_A005209_20160621T084513/IMG_DATA/T36UYA_20160621T084012_B02.jp2 at 2025-05-07 23:13:28
Image shape: 10980x10980, Windows: 441, Train steps: 88, Val steps: 23
Train accuracy: 0.9983522295951843, Val accuracy: 0.9957296252250671
Processed /home/epele/.cache/kagglehub/datasets/isaienkov/deforestation-in-ukraine/versions/1/S2A_MSIL1C_20160621T084012_N0204_R064_T36UYA_20160621T084513/S2A_MSIL1C_20160621T084012_N0204_R064_T36UYA_20160621T084513.SAFE/GRANULE/L1C_T36UYA_A005209_20160621T084513/IMG_DATA/T36UYA_20160621T084012_B03.jp2 at 2025-05-07 23:13:49
Image shape: 10980x10980, Windows: 441, Train steps: 88, Val steps: 23
Train accuracy: 0.9989797472953796, Val accuracy: 0.9959975481033325
Processed /home/epele/.cache/kagglehub/datasets/isaienkov/deforestation-in-ukraine/versions/1/S2A_MSIL1C_20160621T084012_N0204_R064_T36UYA_20160621T084513/S2A_MSIL1C_20160621T084012_N0204_R064_T36UYA_20160621T084513.SAFE/GRANULE/L1C_T36UYA_A005209_20160621T084513/IMG_DATA/T36UYA_20160621T084012_B04.jp2 at 2025-05-07 23:14:09
Image shape: 10980x10980, Windows: 441, Train steps: 88, Val steps: 23
Train accuracy: 0.9987083673477173, Val accuracy: 0.9957294464111328
Processed /home/epele/.cache/kagglehub/datasets/isaienkov/deforestation-in-ukraine/versions/1/S2A_MSIL1C_20160621T084012_N0204_R064_T36UYA_20160621T084513/S2A_MSIL1C_20160621T084012_N0204_R064_T36UYA_20160621T084513.SAFE/GRANULE/L1C_T36UYA_A005209_20160621T084513/IMG_DATA/T36UYA_20160621T084012_B05.jp2 at 2025-05-07 23:14:19
Image shape: 5490x5490, Windows: 100, Train steps: 20, Val steps: 5
Train accuracy: 0.9982784986495972, Val accuracy: 0.9942743182182312
Processed /home/epele/.cache/kagglehub/datasets/isaienkov/deforestation-in-ukraine/versions/1/S2A_MSIL1C_20160621T084012_N0204_R064_T36UYA_20160621T084513/S2A_MSIL1C_20160621T084012_N0204_R064_T36UYA_20160621T084513.SAFE/GRANULE/L1C_T36UYA_A005209_20160621T084513/IMG_DATA/T36UYA_20160621T084012_B06.jp2 at 2025-05-07 23:14:26
Image shape: 5490x5490, Windows: 100, Train steps: 20, Val steps: 5
Train accuracy: 0.9977911710739136, Val accuracy: 0.9936237335205078
Processed /home/epele/.cache/kagglehub/datasets/isaienkov/deforestation-in-ukraine/versions/1/S2A_MSIL1C_20160621T084012_N0204_R064_T36UYA_20160621T084513/S2A_MSIL1C_20160621T084012_N0204_R064_T36UYA_20160621T084513.SAFE/GRANULE/L1C_T36UYA_A005209_20160621T084513/IMG_DATA/T36UYA_20160621T084012_B07.jp2 at 2025-05-07 23:14:35
Image shape: 5490x5490, Windows: 100, Train steps: 20, Val steps: 5
Train accuracy: 0.9981725811958313, Val accuracy: 0.9936437606811523
Processed /home/epele/.cache/kagglehub/datasets/isaienkov/deforestation-in-ukraine/versions/1/S2A_MSIL1C_20160621T084012_N0204_R064_T36UYA_20160621T084513/S2A_MSIL1C_20160621T084012_N0204_R064_T36UYA_20160621T084513.SAFE/GRANULE/L1C_T36UYA_A005209_20160621T084513/IMG_DATA/T36UYA_20160621T084012_B08.jp2 at 2025-05-07 23:14:55
Image shape: 10980x10980, Windows: 441, Train steps: 88, Val steps: 23
Train accuracy: 0.9978715777397156, Val accuracy: 0.9956092238426208
Processed /home/epele/.cache/kagglehub/datasets/isaienkov/deforestation-in-ukraine/versions/1/S2A_MSIL1C_20160621T084012_N0204_R064_T36UYA_20160621T084513/S2A_MSIL1C_20160621T084012_N0204_R064_T36UYA_20160621T084513.SAFE/GRANULE/L1C_T36UYA_A005209_20160621T084513/IMG_DATA/T36UYA_20160621T084012_B09.jp2 at 2025-05-07 23:14:58
Image shape: 1830x1830, Windows: 9, Train steps: 2, Val steps: 1
Train accuracy: 0.9952016472816467, Val accuracy: 0.9909076690673828
Processed /home/epele/.cache/kagglehub/datasets/isaienkov/deforestation-in-ukraine/versions/1/S2A_MSIL1C_20160621T084012_N0204_R064_T36UYA_20160621T084513/S2A_MSIL1C_20160621T084012_N0204_R064_T36UYA_20160621T084513.SAFE/GRANULE/L1C_T36UYA_A005209_20160621T084513/IMG_DATA/T36UYA_20160621T084012_B10.jp2 at 2025-05-07 23:15:00
Image shape: 1830x1830, Windows: 9, Train steps: 2, Val steps: 1
Train accuracy: 0.9952305555343628, Val accuracy: 0.991943359375
Processed /home/epele/.cache/kagglehub/datasets/isaienkov/deforestation-in-ukraine/versions/1/S2A_MSIL1C_20160621T084012_N0204_R064_T36UYA_20160621T084513/S2A_MSIL1C_20160621T084012_N0204_R064_T36UYA_20160621T084513.SAFE/GRANULE/L1C_T36UYA_A005209_20160621T084513/IMG_DATA/T36UYA_20160621T084012_B11.jp2 at 2025-05-07 23:15:07
Image shape: 5490x5490, Windows: 100, Train steps: 20, Val steps: 5
Train accuracy: 0.9981696009635925, Val accuracy: 0.993931770324707
Processed /home/epele/.cache/kagglehub/datasets/isaienkov/deforestation-in-ukraine/versions/1/S2A_MSIL1C_20160621T084012_N0204_R064_T36UYA_20160621T084513/S2A_MSIL1C_20160621T084012_N0204_R064_T36UYA_20160621T084513.SAFE/GRANULE/L1C_T36UYA_A005209_20160621T084513/IMG_DATA/T36UYA_20160621T084012_B12.jp2 at 2025-05-07 23:15:14
Image shape: 5490x5490, Windows: 100, Train steps: 20, Val steps: 5
Train accuracy: 0.9981573820114136, Val accuracy: 0.9937589764595032
Processed /home/epele/.cache/kagglehub/datasets/isaienkov/deforestation-in-ukraine/versions/1/S2A_MSIL1C_20160621T084012_N0204_R064_T36UYA_20160621T084513/S2A_MSIL1C_20160621T084012_N0204_R064_T36UYA_20160621T084513.SAFE/GRANULE/L1C_T36UYA_A005209_20160621T084513/IMG_DATA/T36UYA_20160621T084012_B8A.jp2 at 2025-05-07 23:15:22
Image shape: 5490x5490, Windows: 100, Train steps: 20, Val steps: 5
Train accuracy: 0.9981414675712585, Val accuracy: 0.9936103820800781
Processed /home/epele/.cache/kagglehub/datasets/isaienkov/deforestation-in-ukraine/versions/1/S2A_MSIL1C_20160621T084012_N0204_R064_T36UYA_20160621T084513/S2A_MSIL1C_20160621T084012_N0204_R064_T36UYA_20160621T084513.SAFE/GRANULE/L1C_T36UYA_A005209_20160621T084513/IMG_DATA/T36UYA_20160621T084012_TCI.jp2 at 2025-05-07 23:15:48
Image shape: 10980x10980, Windows: 441, Train steps: 88, Val steps: 23
Train accuracy: 0.9989033341407776, Val accuracy: 0.995786190032959
Processed /home/epele/.cache/kagglehub/datasets/isaienkov/deforestation-in-ukraine/versions/1/S2A_MSIL1C_20160830T083602_N0204_R064_T36UYA_20160830T083600/S2A_MSIL1C_20160830T083602_N0204_R064_T36UYA_20160830T083600.SAFE/GRANULE/L1C_T36UYA_A006210_20160830T083600/IMG_DATA/T36UYA_20160830T083602_B01.jp2 at 2025-05-07 23:15:52
Image shape: 1830x1830, Windows: 9, Train steps: 2, Val steps: 1
Train accuracy: 0.9953106641769409, Val accuracy: 0.9910430908203125
Processed /home/epele/.cache/kagglehub/datasets/isaienkov/deforestation-in-ukraine/versions/1/S2A_MSIL1C_20160830T083602_N0204_R064_T36UYA_20160830T083600/S2A_MSIL1C_20160830T083602_N0204_R064_T36UYA_20160830T083600.SAFE/GRANULE/L1C_T36UYA_A006210_20160830T083600/IMG_DATA/T36UYA_20160830T083602_B02.jp2 at 2025-05-07 23:16:13
Image shape: 10980x10980, Windows: 441, Train steps: 88, Val steps: 23
Train accuracy: 0.9990360140800476, Val accuracy: 0.9959068894386292
Processed /home/epele/.cache/kagglehub/datasets/isaienkov/deforestation-in-ukraine/versions/1/S2A_MSIL1C_20160830T083602_N0204_R064_T36UYA_20160830T083600/S2A_MSIL1C_20160830T083602_N0204_R064_T36UYA_20160830T083600.SAFE/GRANULE/L1C_T36UYA_A006210_20160830T083600/IMG_DATA/T36UYA_20160830T083602_B03.jp2 at 2025-05-07 23:16:36
Image shape: 10980x10980, Windows: 441, Train steps: 88, Val steps: 23
Train accuracy: 0.9992353320121765, Val accuracy: 0.9957807064056396
Processed /home/epele/.cache/kagglehub/datasets/isaienkov/deforestation-in-ukraine/versions/1/S2A_MSIL1C_20160830T083602_N0204_R064_T36UYA_20160830T083600/S2A_MSIL1C_20160830T083602_N0204_R064_T36UYA_20160830T083600.SAFE/GRANULE/L1C_T36UYA_A006210_20160830T083600/IMG_DATA/T36UYA_20160830T083602_B04.jp2 at 2025-05-07 23:17:01
Image shape: 10980x10980, Windows: 441, Train steps: 88, Val steps: 23
Train accuracy: 0.9991781115531921, Val accuracy: 0.9959163665771484
Processed /home/epele/.cache/kagglehub/datasets/isaienkov/deforestation-in-ukraine/versions/1/S2A_MSIL1C_20160830T083602_N0204_R064_T36UYA_20160830T083600/S2A_MSIL1C_20160830T083602_N0204_R064_T36UYA_20160830T083600.SAFE/GRANULE/L1C_T36UYA_A006210_20160830T083600/IMG_DATA/T36UYA_20160830T083602_B05.jp2 at 2025-05-07 23:17:10
Image shape: 5490x5490, Windows: 100, Train steps: 20, Val steps: 5
Train accuracy: 0.9983876347541809, Val accuracy: 0.9939504861831665
Processed /home/epele/.cache/kagglehub/datasets/isaienkov/deforestation-in-ukraine/versions/1/S2A_MSIL1C_20160830T083602_N0204_R064_T36UYA_20160830T083600/S2A_MSIL1C_20160830T083602_N0204_R064_T36UYA_20160830T083600.SAFE/GRANULE/L1C_T36UYA_A006210_20160830T083600/IMG_DATA/T36UYA_20160830T083602_B06.jp2 at 2025-05-07 23:17:18
Image shape: 5490x5490, Windows: 100, Train steps: 20, Val steps: 5
Train accuracy: 0.9974979162216187, Val accuracy: 0.9937761425971985
Processed /home/epele/.cache/kagglehub/datasets/isaienkov/deforestation-in-ukraine/versions/1/S2A_MSIL1C_20160830T083602_N0204_R064_T36UYA_20160830T083600/S2A_MSIL1C_20160830T083602_N0204_R064_T36UYA_20160830T083600.SAFE/GRANULE/L1C_T36UYA_A006210_20160830T083600/IMG_DATA/T36UYA_20160830T083602_B07.jp2 at 2025-05-07 23:17:25
Image shape: 5490x5490, Windows: 100, Train steps: 20, Val steps: 5
Train accuracy: 0.9980505704879761, Val accuracy: 0.9936243295669556
Processed /home/epele/.cache/kagglehub/datasets/isaienkov/deforestation-in-ukraine/versions/1/S2A_MSIL1C_20160830T083602_N0204_R064_T36UYA_20160830T083600/S2A_MSIL1C_20160830T083602_N0204_R064_T36UYA_20160830T083600.SAFE/GRANULE/L1C_T36UYA_A006210_20160830T083600/IMG_DATA/T36UYA_20160830T083602_B08.jp2 at 2025-05-07 23:17:47
Image shape: 10980x10980, Windows: 441, Train steps: 88, Val steps: 23
Train accuracy: 0.9980674386024475, Val accuracy: 0.995721697807312
Processed /home/epele/.cache/kagglehub/datasets/isaienkov/deforestation-in-ukraine/versions/1/S2A_MSIL1C_20160830T083602_N0204_R064_T36UYA_20160830T083600/S2A_MSIL1C_20160830T083602_N0204_R064_T36UYA_20160830T083600.SAFE/GRANULE/L1C_T36UYA_A006210_20160830T083600/IMG_DATA/T36UYA_20160830T083602_B09.jp2 at 2025-05-07 23:17:50
Image shape: 1830x1830, Windows: 9, Train steps: 2, Val steps: 1
Train accuracy: 0.9952490925788879, Val accuracy: 0.9910526275634766
Processed /home/epele/.cache/kagglehub/datasets/isaienkov/deforestation-in-ukraine/versions/1/S2A_MSIL1C_20160830T083602_N0204_R064_T36UYA_20160830T083600/S2A_MSIL1C_20160830T083602_N0204_R064_T36UYA_20160830T083600.SAFE/GRANULE/L1C_T36UYA_A006210_20160830T083600/IMG_DATA/T36UYA_20160830T083602_B10.jp2 at 2025-05-07 23:17:51
Image shape: 1830x1830, Windows: 9, Train steps: 2, Val steps: 1
Train accuracy: 0.9951711297035217, Val accuracy: 0.991943359375
Processed /home/epele/.cache/kagglehub/datasets/isaienkov/deforestation-in-ukraine/versions/1/S2A_MSIL1C_20160830T083602_N0204_R064_T36UYA_20160830T083600/S2A_MSIL1C_20160830T083602_N0204_R064_T36UYA_20160830T083600.SAFE/GRANULE/L1C_T36UYA_A006210_20160830T083600/IMG_DATA/T36UYA_20160830T083602_B11.jp2 at 2025-05-07 23:17:58
Image shape: 5490x5490, Windows: 100, Train steps: 20, Val steps: 5
Train accuracy: 0.9984758496284485, Val accuracy: 0.9938644170761108
Processed /home/epele/.cache/kagglehub/datasets/isaienkov/deforestation-in-ukraine/versions/1/S2A_MSIL1C_20160830T083602_N0204_R064_T36UYA_20160830T083600/S2A_MSIL1C_20160830T083602_N0204_R064_T36UYA_20160830T083600.SAFE/GRANULE/L1C_T36UYA_A006210_20160830T083600/IMG_DATA/T36UYA_20160830T083602_B12.jp2 at 2025-05-07 23:18:06
Image shape: 5490x5490, Windows: 100, Train steps: 20, Val steps: 5
Train accuracy: 0.9985740780830383, Val accuracy: 0.9939050674438477
Processed /home/epele/.cache/kagglehub/datasets/isaienkov/deforestation-in-ukraine/versions/1/S2A_MSIL1C_20160830T083602_N0204_R064_T36UYA_20160830T083600/S2A_MSIL1C_20160830T083602_N0204_R064_T36UYA_20160830T083600.SAFE/GRANULE/L1C_T36UYA_A006210_20160830T083600/IMG_DATA/T36UYA_20160830T083602_B8A.jp2 at 2025-05-07 23:18:14
Image shape: 5490x5490, Windows: 100, Train steps: 20, Val steps: 5
Train accuracy: 0.9981920123100281, Val accuracy: 0.9937793612480164
Processed /home/epele/.cache/kagglehub/datasets/isaienkov/deforestation-in-ukraine/versions/1/S2A_MSIL1C_20160830T083602_N0204_R064_T36UYA_20160830T083600/S2A_MSIL1C_20160830T083602_N0204_R064_T36UYA_20160830T083600.SAFE/GRANULE/L1C_T36UYA_A006210_20160830T083600/IMG_DATA/T36UYA_20160830T083602_TCI.jp2 at 2025-05-07 23:18:40
Image shape: 10980x10980, Windows: 441, Train steps: 88, Val steps: 23
Train accuracy: 0.9992542266845703, Val accuracy: 0.9958946108818054
Processed /home/epele/.cache/kagglehub/datasets/isaienkov/deforestation-in-ukraine/versions/1/S2A_MSIL1C_20161026T083032_N0204_R021_T36UYA_20161026T083029/S2A_MSIL1C_20161026T083032_N0204_R021_T36UYA_20161026T083029.SAFE/GRANULE/L1C_T36UYA_A007025_20161026T083029/IMG_DATA/T36UYA_20161026T083032_B01.jp2 at 2025-05-07 23:18:44
Image shape: 1830x1830, Windows: 9, Train steps: 2, Val steps: 1
Train accuracy: 0.9951635003089905, Val accuracy: 0.9918918609619141
Processed /home/epele/.cache/kagglehub/datasets/isaienkov/deforestation-in-ukraine/versions/1/S2A_MSIL1C_20161026T083032_N0204_R021_T36UYA_20161026T083029/S2A_MSIL1C_20161026T083032_N0204_R021_T36UYA_20161026T083029.SAFE/GRANULE/L1C_T36UYA_A007025_20161026T083029/IMG_DATA/T36UYA_20161026T083032_B02.jp2 at 2025-05-07 23:19:03
Image shape: 10980x10980, Windows: 441, Train steps: 88, Val steps: 23
Train accuracy: 0.9970808029174805, Val accuracy: 0.9959157705307007
Processed /home/epele/.cache/kagglehub/datasets/isaienkov/deforestation-in-ukraine/versions/1/S2A_MSIL1C_20161026T083032_N0204_R021_T36UYA_20161026T083029/S2A_MSIL1C_20161026T083032_N0204_R021_T36UYA_20161026T083029.SAFE/GRANULE/L1C_T36UYA_A007025_20161026T083029/IMG_DATA/T36UYA_20161026T083032_B03.jp2 at 2025-05-07 23:19:25
Image shape: 10980x10980, Windows: 441, Train steps: 88, Val steps: 23
Train accuracy: 0.997153103351593, Val accuracy: 0.9959099292755127
Processed /home/epele/.cache/kagglehub/datasets/isaienkov/deforestation-in-ukraine/versions/1/S2A_MSIL1C_20161026T083032_N0204_R021_T36UYA_20161026T083029/S2A_MSIL1C_20161026T083032_N0204_R021_T36UYA_20161026T083029.SAFE/GRANULE/L1C_T36UYA_A007025_20161026T083029/IMG_DATA/T36UYA_20161026T083032_B04.jp2 at 2025-05-07 23:19:45
Image shape: 10980x10980, Windows: 441, Train steps: 88, Val steps: 23
Train accuracy: 0.997253954410553, Val accuracy: 0.9959258437156677
Processed /home/epele/.cache/kagglehub/datasets/isaienkov/deforestation-in-ukraine/versions/1/S2A_MSIL1C_20161026T083032_N0204_R021_T36UYA_20161026T083029/S2A_MSIL1C_20161026T083032_N0204_R021_T36UYA_20161026T083029.SAFE/GRANULE/L1C_T36UYA_A007025_20161026T083029/IMG_DATA/T36UYA_20161026T083032_B05.jp2 at 2025-05-07 23:19:54
Image shape: 5490x5490, Windows: 100, Train steps: 20, Val steps: 5
Train accuracy: 0.9970502853393555, Val accuracy: 0.9938369989395142
Processed /home/epele/.cache/kagglehub/datasets/isaienkov/deforestation-in-ukraine/versions/1/S2A_MSIL1C_20161026T083032_N0204_R021_T36UYA_20161026T083029/S2A_MSIL1C_20161026T083032_N0204_R021_T36UYA_20161026T083029.SAFE/GRANULE/L1C_T36UYA_A007025_20161026T083029/IMG_DATA/T36UYA_20161026T083032_B06.jp2 at 2025-05-07 23:20:01
Image shape: 5490x5490, Windows: 100, Train steps: 20, Val steps: 5
Train accuracy: 0.9970179796218872, Val accuracy: 0.9938775897026062
Processed /home/epele/.cache/kagglehub/datasets/isaienkov/deforestation-in-ukraine/versions/1/S2A_MSIL1C_20161026T083032_N0204_R021_T36UYA_20161026T083029/S2A_MSIL1C_20161026T083032_N0204_R021_T36UYA_20161026T083029.SAFE/GRANULE/L1C_T36UYA_A007025_20161026T083029/IMG_DATA/T36UYA_20161026T083032_B07.jp2 at 2025-05-07 23:20:09
Image shape: 5490x5490, Windows: 100, Train steps: 20, Val steps: 5
Train accuracy: 0.997280478477478, Val accuracy: 0.9939296841621399
Processed /home/epele/.cache/kagglehub/datasets/isaienkov/deforestation-in-ukraine/versions/1/S2A_MSIL1C_20161026T083032_N0204_R021_T36UYA_20161026T083029/S2A_MSIL1C_20161026T083032_N0204_R021_T36UYA_20161026T083029.SAFE/GRANULE/L1C_T36UYA_A007025_20161026T083029/IMG_DATA/T36UYA_20161026T083032_B08.jp2 at 2025-05-07 23:20:31
Image shape: 10980x10980, Windows: 441, Train steps: 88, Val steps: 23
Train accuracy: 0.9968856573104858, Val accuracy: 0.9957959651947021
Processed /home/epele/.cache/kagglehub/datasets/isaienkov/deforestation-in-ukraine/versions/1/S2A_MSIL1C_20161026T083032_N0204_R021_T36UYA_20161026T083029/S2A_MSIL1C_20161026T083032_N0204_R021_T36UYA_20161026T083029.SAFE/GRANULE/L1C_T36UYA_A007025_20161026T083029/IMG_DATA/T36UYA_20161026T083032_B09.jp2 at 2025-05-07 23:20:34
Image shape: 1830x1830, Windows: 9, Train steps: 2, Val steps: 1
Train accuracy: 0.9952664971351624, Val accuracy: 0.9919281005859375
Processed /home/epele/.cache/kagglehub/datasets/isaienkov/deforestation-in-ukraine/versions/1/S2A_MSIL1C_20161026T083032_N0204_R021_T36UYA_20161026T083029/S2A_MSIL1C_20161026T083032_N0204_R021_T36UYA_20161026T083029.SAFE/GRANULE/L1C_T36UYA_A007025_20161026T083029/IMG_DATA/T36UYA_20161026T083032_B10.jp2 at 2025-05-07 23:20:35
Image shape: 1830x1830, Windows: 9, Train steps: 2, Val steps: 1
Train accuracy: 0.9952817559242249, Val accuracy: 0.9915313720703125
Processed /home/epele/.cache/kagglehub/datasets/isaienkov/deforestation-in-ukraine/versions/1/S2A_MSIL1C_20161026T083032_N0204_R021_T36UYA_20161026T083029/S2A_MSIL1C_20161026T083032_N0204_R021_T36UYA_20161026T083029.SAFE/GRANULE/L1C_T36UYA_A007025_20161026T083029/IMG_DATA/T36UYA_20161026T083032_B11.jp2 at 2025-05-07 23:20:42
Image shape: 5490x5490, Windows: 100, Train steps: 20, Val steps: 5
Train accuracy: 0.9972352981567383, Val accuracy: 0.993756115436554
Processed /home/epele/.cache/kagglehub/datasets/isaienkov/deforestation-in-ukraine/versions/1/S2A_MSIL1C_20161026T083032_N0204_R021_T36UYA_20161026T083029/S2A_MSIL1C_20161026T083032_N0204_R021_T36UYA_20161026T083029.SAFE/GRANULE/L1C_T36UYA_A007025_20161026T083029/IMG_DATA/T36UYA_20161026T083032_B12.jp2 at 2025-05-07 23:20:51
Image shape: 5490x5490, Windows: 100, Train steps: 20, Val steps: 5
Train accuracy: 0.9973224401473999, Val accuracy: 0.9938735961914062
Processed /home/epele/.cache/kagglehub/datasets/isaienkov/deforestation-in-ukraine/versions/1/S2A_MSIL1C_20161026T083032_N0204_R021_T36UYA_20161026T083029/S2A_MSIL1C_20161026T083032_N0204_R021_T36UYA_20161026T083029.SAFE/GRANULE/L1C_T36UYA_A007025_20161026T083029/IMG_DATA/T36UYA_20161026T083032_B8A.jp2 at 2025-05-07 23:20:59
Image shape: 5490x5490, Windows: 100, Train steps: 20, Val steps: 5
Train accuracy: 0.9972217679023743, Val accuracy: 0.9939765930175781
Processed /home/epele/.cache/kagglehub/datasets/isaienkov/deforestation-in-ukraine/versions/1/S2A_MSIL1C_20161026T083032_N0204_R021_T36UYA_20161026T083029/S2A_MSIL1C_20161026T083032_N0204_R021_T36UYA_20161026T083029.SAFE/GRANULE/L1C_T36UYA_A007025_20161026T083029/IMG_DATA/T36UYA_20161026T083032_TCI.jp2 at 2025-05-07 23:21:24
Image shape: 10980x10980, Windows: 441, Train steps: 88, Val steps: 23
Train accuracy: 0.9972699880599976, Val accuracy: 0.995908260345459
Processed /home/epele/.cache/kagglehub/datasets/isaienkov/deforestation-in-ukraine/versions/1/S2A_MSIL1C_20161121T085252_N0204_R107_T36UYA_20161121T085252/S2A_MSIL1C_20161121T085252_N0204_R107_T36UYA_20161121T085252.SAFE/GRANULE/L1C_T36UYA_A007397_20161121T085252/IMG_DATA/T36UYA_20161121T085252_B01.jp2 at 2025-05-07 23:21:28
Image shape: 1830x1830, Windows: 9, Train steps: 2, Val steps: 1
Train accuracy: 0.9951635003089905, Val accuracy: 0.991943359375
Processed /home/epele/.cache/kagglehub/datasets/isaienkov/deforestation-in-ukraine/versions/1/S2A_MSIL1C_20161121T085252_N0204_R107_T36UYA_20161121T085252/S2A_MSIL1C_20161121T085252_N0204_R107_T36UYA_20161121T085252.SAFE/GRANULE/L1C_T36UYA_A007397_20161121T085252/IMG_DATA/T36UYA_20161121T085252_B02.jp2 at 2025-05-07 23:21:45
Image shape: 10980x10980, Windows: 441, Train steps: 88, Val steps: 23
Train accuracy: 0.9953842759132385, Val accuracy: 0.9959002137184143
Processed /home/epele/.cache/kagglehub/datasets/isaienkov/deforestation-in-ukraine/versions/1/S2A_MSIL1C_20161121T085252_N0204_R107_T36UYA_20161121T085252/S2A_MSIL1C_20161121T085252_N0204_R107_T36UYA_20161121T085252.SAFE/GRANULE/L1C_T36UYA_A007397_20161121T085252/IMG_DATA/T36UYA_20161121T085252_B03.jp2 at 2025-05-07 23:22:05
Image shape: 10980x10980, Windows: 441, Train steps: 88, Val steps: 23
Train accuracy: 0.9954017996788025, Val accuracy: 0.9959002137184143
Processed /home/epele/.cache/kagglehub/datasets/isaienkov/deforestation-in-ukraine/versions/1/S2A_MSIL1C_20161121T085252_N0204_R107_T36UYA_20161121T085252/S2A_MSIL1C_20161121T085252_N0204_R107_T36UYA_20161121T085252.SAFE/GRANULE/L1C_T36UYA_A007397_20161121T085252/IMG_DATA/T36UYA_20161121T085252_B04.jp2 at 2025-05-07 23:22:28
Image shape: 10980x10980, Windows: 441, Train steps: 88, Val steps: 23
Train accuracy: 0.995413064956665, Val accuracy: 0.9959002137184143
Processed /home/epele/.cache/kagglehub/datasets/isaienkov/deforestation-in-ukraine/versions/1/S2A_MSIL1C_20161121T085252_N0204_R107_T36UYA_20161121T085252/S2A_MSIL1C_20161121T085252_N0204_R107_T36UYA_20161121T085252.SAFE/GRANULE/L1C_T36UYA_A007397_20161121T085252/IMG_DATA/T36UYA_20161121T085252_B05.jp2 at 2025-05-07 23:22:37
Image shape: 5490x5490, Windows: 100, Train steps: 20, Val steps: 5
Train accuracy: 0.9956598281860352, Val accuracy: 0.9939031600952148
Processed /home/epele/.cache/kagglehub/datasets/isaienkov/deforestation-in-ukraine/versions/1/S2A_MSIL1C_20161121T085252_N0204_R107_T36UYA_20161121T085252/S2A_MSIL1C_20161121T085252_N0204_R107_T36UYA_20161121T085252.SAFE/GRANULE/L1C_T36UYA_A007397_20161121T085252/IMG_DATA/T36UYA_20161121T085252_B06.jp2 at 2025-05-07 23:22:44
Image shape: 5490x5490, Windows: 100, Train steps: 20, Val steps: 5
Train accuracy: 0.9956899881362915, Val accuracy: 0.9939031600952148
Processed /home/epele/.cache/kagglehub/datasets/isaienkov/deforestation-in-ukraine/versions/1/S2A_MSIL1C_20161121T085252_N0204_R107_T36UYA_20161121T085252/S2A_MSIL1C_20161121T085252_N0204_R107_T36UYA_20161121T085252.SAFE/GRANULE/L1C_T36UYA_A007397_20161121T085252/IMG_DATA/T36UYA_20161121T085252_B07.jp2 at 2025-05-07 23:23:09
Image shape: 5490x5490, Windows: 100, Train steps: 20, Val steps: 5
Train accuracy: 0.9957033395767212, Val accuracy: 0.9939031600952148
