[MAVLINK] Connected to /dev/ttyAMA0 at 115200 bps
[CAMERA] Started - capturing images...
[MAVLINK] Heartbeat received at 2025-05-31 19:32:57 ▶ Starting GPS capture
[CAMERA] Captured captures_2025_05_31_19_32/capture_20250531_193257.jpg at 2025-05-31 19:32:57
[MAVLINK] Wrote 2025-05-31 19:32:57 - 0
[MAVLINK] Wrote 2025-05-31 19:32:58 - 1
[CAMERA] Captured captures_2025_05_31_19_32/capture_20250531_193258.jpg at 2025-05-31 19:32:58
[MAVLINK] Wrote 2025-05-31 19:32:59 - 2
[MAVLINK] Wrote 2025-05-31 19:32:59 - 3
[CAMERA] Captured captures_2025_05_31_19_32/capture_20250531_193259.jpg at 2025-05-31 19:32:59
[MAVLINK] Wrote 2025-05-31 19:33:00 - 4
[MAVLINK] Wrote 2025-05-31 19:33:00 - 5
[CAMERA] Captured captures_2025_05_31_19_32/capture_20250531_193300.jpg at 2025-05-31 19:33:00
[MAVLINK] Wrote 2025-05-31 19:33:01 - 6
[MAVLINK] Wrote 2025-05-31 19:33:01 - 7
[CAMERA] Captured captures_2025_05_31_19_32/capture_20250531_193301.jpg at 2025-05-31 19:33:01
[MAVLINK] Wrote 2025-05-31 19:33:02 - 8
[MAVLINK] Wrote 2025-05-31 19:33:02 - 9
[CAMERA] Captured captures_2025_05_31_19_32/capture_20250531_193303.jpg at 2025-05-31 19:33:03
[MAVLINK] Wrote 2025-05-31 19:33:03 - 10
[MAVLINK] Wrote 2025-05-31 19:33:03 - 11
[CAMERA] Captured captures_2025_05_31_19_32/capture_20250531_193304.jpg at 2025-05-31 19:33:04
[MAVLINK] Wrote 2025-05-31 19:33:04 - 12
[CAMERA] Captured captures_2025_05_31_19_32/capture_20250531_193305.jpg at 2025-05-31 19:33:05
[MAVLINK] Wrote 2025-05-31 19:33:05 - 13
[MAVLINK] Wrote 2025-05-31 19:33:05 - 14
[CAMERA] Captured captures_2025_05_31_19_32/capture_20250531_193306.jpg at 2025-05-31 19:33:06
[MAVLINK] Wrote 2025-05-31 19:33:06 - 15
[MAVLINK] Wrote 2025-05-31 19:33:06 - 16
[CAMERA] Captured captures_2025_05_31_19_32/capture_20250531_193307.jpg at 2025-05-31 19:33:07
[MAVLINK] Wrote 2025-05-31 19:33:07 - 17
[MAVLINK] Wrote 2025-05-31 19:33:07 - 18
[CAMERA] Captured captures_2025_05_31_19_32/capture_20250531_193308.jpg at 2025-05-31 19:33:08
[MAVLINK] Wrote 2025-05-31 19:33:08 - 19
[MAVLINK] Wrote 2025-05-31 19:33:08 - 20
[CAMERA] Captured captures_2025_05_31_19_32/capture_20250531_193309.jpg at 2025-05-31 19:33:09
[MAVLINK] Wrote 2025-05-31 19:33:09 - 21
[MAVLINK] Wrote 2025-05-31 19:33:10 - 22
[CAMERA] Captured captures_2025_05_31_19_32/capture_20250531_193310.jpg at 2025-05-31 19:33:10
[MAVLINK] Wrote 2025-05-31 19:33:10 - 23
[MAVLINK] Wrote 2025-05-31 19:33:11 - 24
[CAMERA] Captured captures_2025_05_31_19_32/capture_20250531_193311.jpg at 2025-05-31 19:33:11
[MAVLINK] Wrote 2025-05-31 19:33:11 - 25
[MAVLINK] Wrote 2025-05-31 19:33:12 - 26
[CAMERA] Captured captures_2025_05_31_19_32/capture_20250531_193312.jpg at 2025-05-31 19:33:12
[MAVLINK] Wrote 2025-05-31 19:33:12 - 27
[MAVLINK] Wrote 2025-05-31 19:33:13 - 28
[CAMERA] Captured captures_2025_05_31_19_32/capture_20250531_193313.jpg at 2025-05-31 19:33:13
[MAVLINK] Wrote 2025-05-31 19:33:13 - 29
[MAVLINK] Wrote 2025-05-31 19:33:14 - 30
[CAMERA] Captured captures_2025_05_31_19_32/capture_20250531_193314.jpg at 2025-05-31 19:33:14
[MAVLINK] Wrote 2025-05-31 19:33:14 - 31
[MAVLINK] Wrote 2025-05-31 19:33:15 - 32
[CAMERA] Captured captures_2025_05_31_19_32/capture_20250531_193315.jpg at 2025-05-31 19:33:15
[MAVLINK] Wrote 2025-05-31 19:33:15 - 33
[MAVLINK] Wrote 2025-05-31 19:33:16 - 34
[CAMERA] Captured captures_2025_05_31_19_32/capture_20250531_193316.jpg at 2025-05-31 19:33:16
[MAVLINK] Wrote 2025-05-31 19:33:16 - 35
[MAVLINK] Wrote 2025-05-31 19:33:17 - 36
[CAMERA] Captured captures_2025_05_31_19_32/capture_20250531_193317.jpg at 2025-05-31 19:33:17
[MAVLINK] Wrote 2025-05-31 19:33:17 - 37
[MAVLINK] Wrote 2025-05-31 19:33:18 - 38
[CAMERA] Captured captures_2025_05_31_19_32/capture_20250531_193318.jpg at 2025-05-31 19:33:18
[MAVLINK] Wrote 2025-05-31 19:33:18 - 39
[MAVLINK] Wrote 2025-05-31 19:33:19 - 40
[CAMERA] Captured captures_2025_05_31_19_32/capture_20250531_193319.jpg at 2025-05-31 19:33:19
[MAVLINK] Wrote 2025-05-31 19:33:19 - 41
[MAVLINK] Wrote 2025-05-31 19:33:20 - 42
[CAMERA] Captured captures_2025_05_31_19_32/capture_20250531_193320.jpg at 2025-05-31 19:33:20
[MAVLINK] Wrote 2025-05-31 19:33:20 - 43
[CAMERA] Captured captures_2025_05_31_19_32/capture_20250531_193321.jpg at 2025-05-31 19:33:21
[MAVLINK] Wrote 2025-05-31 19:33:22 - 44
[CAMERA] Captured captures_2025_05_31_19_32/capture_20250531_193322.jpg at 2025-05-31 19:33:22
[MAVLINK] Wrote 2025-05-31 19:33:22 - 45
[MAVLINK] Wrote 2025-05-31 19:33:23 - 46
[CAMERA] Captured captures_2025_05_31_19_32/capture_20250531_193323.jpg at 2025-05-31 19:33:23
[MAVLINK] Wrote 2025-05-31 19:33:23 - 47
[MAVLINK] Wrote 2025-05-31 19:33:24 - 48
[CAMERA] Captured captures_2025_05_31_19_32/capture_20250531_193324.jpg at 2025-05-31 19:33:24
[MAVLINK] Wrote 2025-05-31 19:33:24 - 49
[MAVLINK] Wrote 2025-05-31 19:33:25 - 50
[CAMERA] Captured captures_2025_05_31_19_32/capture_20250531_193325.jpg at 2025-05-31 19:33:25
[MAVLINK] Wrote 2025-05-31 19:33:25 - 51
[MAVLINK] Wrote 2025-05-31 19:33:26 - 52
[CAMERA] Captured captures_2025_05_31_19_32/capture_20250531_193326.jpg at 2025-05-31 19:33:26
[MAVLINK] Wrote 2025-05-31 19:33:26 - 53
[MAVLINK] Wrote 2025-05-31 19:33:27 - 54
[CAMERA] Captured captures_2025_05_31_19_32/capture_20250531_193327.jpg at 2025-05-31 19:33:27
[MAVLINK] Wrote 2025-05-31 19:33:27 - 55
[MAVLINK] Wrote 2025-05-31 19:33:28 - 56
[CAMERA] Captured captures_2025_05_31_19_32/capture_20250531_193328.jpg at 2025-05-31 19:33:28
[MAVLINK] Wrote 2025-05-31 19:33:28 - 57
[MAVLINK] Wrote 2025-05-31 19:33:29 - 58
[CAMERA] Captured captures_2025_05_31_19_32/capture_20250531_193329.jpg at 2025-05-31 19:33:29
[MAVLINK] Wrote 2025-05-31 19:33:29 - 59
[MAVLINK] Wrote 2025-05-31 19:33:30 - 60
[CAMERA] Captured captures_2025_05_31_19_32/capture_20250531_193330.jpg at 2025-05-31 19:33:30
[MAVLINK] Wrote 2025-05-31 19:33:30 - 61
[MAVLINK] Wrote 2025-05-31 19:33:31 - 62
[CAMERA] Captured captures_2025_05_31_19_32/capture_20250531_193331.jpg at 2025-05-31 19:33:31
[MAVLINK] Wrote 2025-05-31 19:33:31 - 63
[MAVLINK] Wrote 2025-05-31 19:33:32 - 64
[CAMERA] Captured captures_2025_05_31_19_32/capture_20250531_193332.jpg at 2025-05-31 19:33:32
[MAVLINK] Wrote 2025-05-31 19:33:33 - 65
[MAVLINK] Wrote 2025-05-31 19:33:33 - 66
[CAMERA] Captured captures_2025_05_31_19_32/capture_20250531_193333.jpg at 2025-05-31 19:33:33
[MAVLINK] Wrote 2025-05-31 19:33:34 - 67
[MAVLINK] Wrote 2025-05-31 19:33:34 - 68
[CAMERA] Captured captures_2025_05_31_19_32/capture_20250531_193334.jpg at 2025-05-31 19:33:34
[MAVLINK] Wrote 2025-05-31 19:33:35 - 69
[MAVLINK] Wrote 2025-05-31 19:33:35 - 70
[CAMERA] Captured captures_2025_05_31_19_32/capture_20250531_193335.jpg at 2025-05-31 19:33:35
[MAVLINK] Wrote 2025-05-31 19:33:36 - 71
[MAVLINK] Wrote 2025-05-31 19:33:36 - 72
[CAMERA] Captured captures_2025_05_31_19_32/capture_20250531_193336.jpg at 2025-05-31 19:33:36
[MAVLINK] Wrote 2025-05-31 19:33:37 - 73
[MAVLINK] Wrote 2025-05-31 19:33:37 - 74
[CAMERA] Captured captures_2025_05_31_19_32/capture_20250531_193337.jpg at 2025-05-31 19:33:37
[MAVLINK] Wrote 2025-05-31 19:33:38 - 75
[CAMERA] Captured captures_2025_05_31_19_32/capture_20250531_193338.jpg at 2025-05-31 19:33:38
[MAVLINK] Wrote 2025-05-31 19:33:39 - 76
[MAVLINK] Wrote 2025-05-31 19:33:39 - 77
[CAMERA] Captured captures_2025_05_31_19_32/capture_20250531_193339.jpg at 2025-05-31 19:33:39
[MAVLINK] Wrote 2025-05-31 19:33:40 - 78
[MAVLINK] Wrote 2025-05-31 19:33:40 - 79
[CAMERA] Captured captures_2025_05_31_19_32/capture_20250531_193340.jpg at 2025-05-31 19:33:41
[MAVLINK] Wrote 2025-05-31 19:33:41 - 80
[MAVLINK] Wrote 2025-05-31 19:33:41 - 81
[CAMERA] Captured captures_2025_05_31_19_32/capture_20250531_193342.jpg at 2025-05-31 19:33:42
[MAVLINK] Wrote 2025-05-31 19:33:42 - 82
[MAVLINK] Wrote 2025-05-31 19:33:42 - 83
[CAMERA] Captured captures_2025_05_31_19_32/capture_20250531_193343.jpg at 2025-05-31 19:33:43
[MAVLINK] Wrote 2025-05-31 19:33:43 - 84
[MAVLINK] Wrote 2025-05-31 19:33:43 - 85
[CAMERA] Captured captures_2025_05_31_19_32/capture_20250531_193344.jpg at 2025-05-31 19:33:44
[MAVLINK] Wrote 2025-05-31 19:33:44 - 86
[MAVLINK] Wrote 2025-05-31 19:33:45 - 87
[CAMERA] Captured captures_2025_05_31_19_32/capture_20250531_193345.jpg at 2025-05-31 19:33:45
[MAVLINK] Wrote 2025-05-31 19:33:45 - 88
[MAVLINK] Wrote 2025-05-31 19:33:46 - 89
[CAMERA] Captured captures_2025_05_31_19_32/capture_20250531_193346.jpg at 2025-05-31 19:33:46
[MAVLINK] Wrote 2025-05-31 19:33:46 - 90
[MAVLINK] Wrote 2025-05-31 19:33:47 - 91
[CAMERA] Captured captures_2025_05_31_19_32/capture_20250531_193347.jpg at 2025-05-31 19:33:47
[MAVLINK] Wrote 2025-05-31 19:33:47 - 92
[CAMERA] Captured captures_2025_05_31_19_32/capture_20250531_193348.jpg at 2025-05-31 19:33:48
[MAVLINK] Wrote 2025-05-31 19:33:48 - 93
[MAVLINK] Wrote 2025-05-31 19:33:49 - 94
[CAMERA] Captured captures_2025_05_31_19_32/capture_20250531_193349.jpg at 2025-05-31 19:33:49
[MAVLINK] Wrote 2025-05-31 19:33:49 - 95
[MAVLINK] Wrote 2025-05-31 19:33:50 - 96
[CAMERA] Captured captures_2025_05_31_19_32/capture_20250531_193350.jpg at 2025-05-31 19:33:50
[MAVLINK] Wrote 2025-05-31 19:33:50 - 97
[CAMERA] Captured captures_2025_05_31_19_32/capture_20250531_193351.jpg at 2025-05-31 19:33:51
[MAVLINK] Wrote 2025-05-31 19:33:51 - 98
[MAVLINK] Wrote 2025-05-31 19:33:51 - 99
[CAMERA] Captured captures_2025_05_31_19_32/capture_20250531_193352.jpg at 2025-05-31 19:33:52
[MAVLINK] Wrote 2025-05-31 19:33:52 - 100
[MAVLINK] Wrote 2025-05-31 19:33:52 - 101
[CAMERA] Captured captures_2025_05_31_19_32/capture_20250531_193353.jpg at 2025-05-31 19:33:53
[MAVLINK] Wrote 2025-05-31 19:33:53 - 102
[MAVLINK] Wrote 2025-05-31 19:33:53 - 103
[CAMERA] Captured captures_2025_05_31_19_32/capture_20250531_193354.jpg at 2025-05-31 19:33:54
[MAVLINK] Wrote 2025-05-31 19:33:54 - 104
[MAVLINK] Wrote 2025-05-31 19:33:54 - 105
[CAMERA] Captured captures_2025_05_31_19_32/capture_20250531_193355.jpg at 2025-05-31 19:33:55
[MAVLINK] Wrote 2025-05-31 19:33:55 - 106
[CAMERA] Captured captures_2025_05_31_19_32/capture_20250531_193356.jpg at 2025-05-31 19:33:56
[MAVLINK] Wrote 2025-05-31 19:33:56 - 107
[MAVLINK] Wrote 2025-05-31 19:33:57 - 108
[CAMERA] Captured captures_2025_05_31_19_32/capture_20250531_193357.jpg at 2025-05-31 19:33:57
[MAVLINK] Wrote 2025-05-31 19:33:57 - 109
[MAVLINK] Wrote 2025-05-31 19:33:58 - 110
[CAMERA] Captured captures_2025_05_31_19_32/capture_20250531_193358.jpg at 2025-05-31 19:33:58
[MAVLINK] Wrote 2025-05-31 19:33:58 - 111
[MAVLINK] Wrote 2025-05-31 19:33:59 - 112
[CAMERA] Stopped
[MAVLINK] Wrote 2025-05-31 19:33:59 - 113
[MAIN] All threads stopped. Exiting.
